{
  "RSpec": {
    "coverage": {
      "/home/vagrant/rails/gems/rao/rao-api-resources_controller/lib/rao-api-resources_controller.rb": [
        1,
        1,
        1
      ],
      "/home/vagrant/rails/gems/rao/rao-api-resources_controller/lib/rao/api.rb": [
        1,
        1,
        null,
        null
      ],
      "/home/vagrant/rails/gems/rao/rao-api-resources_controller/lib/rao/api/resources_controller.rb": [
        1,
        1,
        1,
        null,
        1,
        1,
        1,
        1,
        null,
        null,
        null,
        null,
        2
      ],
      "/home/vagrant/rails/gems/rao/rao-api-resources_controller/lib/rao/api/resources_controller/configuration.rb": [
        1,
        1,
        1,
        1,
        1,
        0,
        null,
        null,
        2,
        null,
        null,
        null,
        null
      ],
      "/home/vagrant/rails/gems/rao/rao-api-resources_controller/lib/rao/api/resources_controller/version.rb": [
        1,
        null,
        1,
        1,
        1,
        1,
        null,
        null,
        null
      ],
      "/home/vagrant/rails/gems/rao/rao-api-resources_controller/lib/rao/api/resources_controller/engine.rb": [
        1,
        1,
        1,
        1,
        1,
        null,
        null,
        null,
        null
      ],
      "/home/vagrant/rails/gems/rao/rao-api-resources_controller/app/controllers/rao/api/resources_controller/base.rb": [
        1,
        1,
        1,
        1,
        1,
        1,
        1,
        1,
        1,
        1,
        1,
        1,
        1,
        null,
        null,
        null,
        null
      ],
      "/home/vagrant/rails/gems/rao/rao-api-resources_controller/app/concerns/rao/api/resources_controller/rest_actions_concern.rb": [
        1,
        1,
        1,
        1,
        null,
        1,
        1,
        null,
        1,
        null,
        1,
        1,
        1,
        1,
        1,
        null,
        0,
        0,
        0,
        0,
        null,
        null,
        null,
        1,
        2,
        4,
        null,
        null,
        null,
        1,
        0,
        0,
        0,
        null,
        0,
        null,
        null,
        null,
        null,
        1,
        0,
        0,
        0,
        null,
        0,
        null,
        null,
        null,
        null,
        1,
        0,
        0,
        0,
        null,
        0,
        null,
        null,
        null,
        null,
        1,
        0,
        0,
        0,
        null,
        null,
        null,
        1,
        0,
        0,
        0,
        null,
        null,
        null,
        1,
        null,
        1,
        2,
        0,
        null,
        2,
        null,
        2,
        null,
        null,
        1,
        0,
        null,
        null,
        1,
        null,
        0,
        0,
        0,
        null,
        null,
        null,
        1,
        0,
        null,
        null,
        1,
        0,
        null,
        null,
        1,
        0,
        null,
        null,
        null,
        null
      ],
      "/home/vagrant/rails/gems/rao/rao-api-resources_controller/app/concerns/rao/api/resources_controller/resources_concern.rb": [
        1,
        1,
        1,
        1,
        null,
        1,
        2,
        null,
        null,
        null,
        null
      ],
      "/home/vagrant/rails/gems/rao/rao-api-resources_controller/app/concerns/rao/api/resources_controller/serialization_concern.rb": [
        1,
        1,
        1,
        1,
        null,
        1,
        null,
        1,
        2,
        6,
        null,
        null,
        null,
        1,
        6,
        6,
        6,
        null,
        null,
        1,
        0,
        null,
        null,
        null,
        null
      ],
      "/home/vagrant/rails/gems/rao/rao-api-resources_controller/app/concerns/rao/api/resources_controller/count_action_concern.rb": [
        1,
        1,
        1,
        1,
        null,
        1,
        1,
        1,
        null,
        0,
        null,
        null,
        null,
        1,
        0,
        0,
        null,
        null,
        null,
        1,
        null,
        1,
        0,
        0,
        null,
        0,
        null,
        0,
        null,
        null,
        null,
        null
      ],
      "/home/vagrant/rails/gems/rao/rao-api-resources_controller/app/concerns/rao/api/resources_controller/destroy_all_action_concern.rb": [
        1,
        1,
        1,
        1,
        null,
        1,
        1,
        1,
        null,
        0,
        null,
        null,
        null,
        1,
        0,
        0,
        null,
        null,
        null,
        1,
        null,
        1,
        0,
        null,
        null,
        null,
        null
      ],
      "/home/vagrant/rails/gems/rao/rao-api-resources_controller/app/concerns/rao/api/resources_controller/delete_all_action_concern.rb": [
        1,
        1,
        1,
        1,
        null,
        1,
        1,
        1,
        null,
        0,
        null,
        null,
        null,
        1,
        0,
        0,
        null,
        null,
        null,
        1,
        null,
        1,
        0,
        null,
        null,
        null,
        null
      ],
      "/home/vagrant/rails/gems/rao/rao-api-resources_controller/app/concerns/rao/api/resources_controller/first_action_concern.rb": [
        1,
        1,
        1,
        1,
        null,
        1,
        1,
        1,
        null,
        0,
        null,
        null,
        null,
        1,
        0,
        0,
        0,
        null,
        0,
        null,
        null,
        null,
        null,
        1,
        null,
        1,
        0,
        0,
        0,
        null,
        null,
        null,
        null
      ],
      "/home/vagrant/rails/gems/rao/rao-api-resources_controller/app/concerns/rao/api/resources_controller/last_action_concern.rb": [
        1,
        1,
        1,
        1,
        null,
        1,
        1,
        1,
        null,
        0,
        null,
        null,
        null,
        1,
        0,
        0,
        0,
        null,
        0,
        null,
        null,
        null,
        null,
        1,
        null,
        1,
        0,
        0,
        0,
        null,
        null,
        null,
        null
      ],
      "/home/vagrant/rails/gems/rao/rao-api-resources_controller/app/concerns/rao/api/resources_controller/exception_handling_concern.rb": [
        1,
        1,
        1,
        1,
        null,
        1,
        1,
        0,
        null,
        null,
        1,
        0,
        null,
        null,
        null,
        1,
        null,
        1,
        0,
        0,
        null,
        null,
        null,
        1,
        0,
        0,
        null,
        0,
        0,
        null,
        0,
        0,
        null,
        null,
        0,
        0,
        null,
        null,
        null,
        null,
        null,
        null
      ],
      "/home/vagrant/rails/gems/rao/rao-api-resources_controller/lib/generators/rao/api/service_controller/install_generator.rb": [
        0,
        0,
        0,
        0,
        0,
        0,
        null,
        0,
        null,
        0,
        0,
        0,
        0,
        0,
        0,
        0,
        0
      ],
      "/home/vagrant/rails/gems/rao/rao-api-resources_controller/lib/generators/rao/api/service_controller/templates/initializer.rb": [
        0,
        null,
        null,
        null,
        null,
        0,
        0
      ]
    },
    "timestamp": 1556123904
  }
}
